<?xml version="1.0" encoding="UTF-8"?>
<!-- Generated by org.testng.reporters.JUnitXMLReporter -->
<testsuite ignored="0" hostname="MindSDET505" failures="1" tests="10" name="Default test" time="207.967" errors="0" timestamp="2022-01-18T23:14:37 GMT+05:30">
  <testcase classname="io.cucumber.testng.AbstractTestNGCucumberTests" name="runScenario" time="38.621"/>
  <testcase classname="io.cucumber.testng.AbstractTestNGCucumberTests" name="runScenario" time="31.618"/>
  <testcase classname="io.cucumber.testng.AbstractTestNGCucumberTests" name="runScenario" time="13.602"/>
  <testcase classname="io.cucumber.testng.AbstractTestNGCucumberTests" name="runScenario" time="23.583">
    <failure type="com.mindtree.exceptions.ReusableComponentException" message="booknow is not able clicked in page booknow">
      <![CDATA[com.mindtree.exceptions.ReusableComponentException: booknow is not able clicked in page booknow
at com.mindtree.reusableComponents.WebDriverSupport.click(WebDriverSupport.java:22)
at com.mindtree.pageObject.Signout.book(Signout.java:45)
at com.mindtree.stepDefinitions.SignoutStepDef.click_on_bookings_and_cancelled_and_comlplete_and_booknow(SignoutStepDef.java:64)
at âœ½.click on bookings and cancelled and comlplete and booknow(file:///C:/Users/sdetjavamind11/Downloads/BDDFramework-master/Features/Signout.feature:10)
]]>
    </failure>
  </testcase> <!-- runScenario -->
  <testcase classname="io.cucumber.testng.AbstractTestNGCucumberTests" name="runScenario" time="26.719"/>
  <testcase classname="io.cucumber.testng.AbstractTestNGCucumberTests" name="runScenario" time="12.122"/>
  <testcase classname="io.cucumber.testng.AbstractTestNGCucumberTests" name="runScenario" time="15.103"/>
  <testcase classname="io.cucumber.testng.AbstractTestNGCucumberTests" name="runScenario" time="19.632"/>
  <testcase classname="io.cucumber.testng.AbstractTestNGCucumberTests" name="runScenario" time="19.616"/>
  <testcase classname="io.cucumber.testng.AbstractTestNGCucumberTests" name="runScenario" time="6.572"/>
</testsuite> <!-- Default test -->
